make all --print-data-base --no-builtin-variables --no-builtin-rules --question
# GNU Make 3.81
# Copyright (C) 2006  Free Software Foundation, Inc.
# This is free software; see the source for copying conditions.
# There is NO warranty; not even for MERCHANTABILITY or FITNESS FOR A
# PARTICULAR PURPOSE.

# This program built for i386-apple-darwin11.3.0
 

# Make data base, printed on Sun Jun 26 15:31:02 2022

# Variables

# automatic
<D = $(patsubst %/,%,$(dir $<))
# automatic
?F = $(notdir $?)
# makefile (from `Makefile', line 5)
OBJ = $(SRC:.c=.o)
# makefile (from `Makefile', line 3)
SRC = ft_atoi.c philo_action.c philos_utils.c error.c main.c philos_utils2.c
# environment
VSCODE_LOG_NATIVE = false
# automatic
?D = $(patsubst %/,%,$(dir $?))
# automatic
@D = $(patsubst %/,%,$(dir $@))
# automatic
@F = $(notdir $@)
# makefile
CURDIR := /Users/mmoumni/Desktop/Dinning_Philosophers_Problem/philo_bonus
# makefile
SHELL = /bin/sh
# environment
VSCODE_NLS_CONFIG = {"locale":"en-us","availableLanguages":{},"_languagePackSupport":true}
# environment
_ = /usr/bin/make
# makefile (from `Makefile', line 1)
MAKEFILE_LIST :=  Makefile
# environment
VSCODE_VERBOSE_LOGGING = true
# environment
VSCODE_IPC_HOOK_EXTHOST = /var/folders/zz/zyxvpxvq6csfxvn_n000cccw003337/T/vscode-ipc-8b0c33b7-36fd-4568-9f74-e4843d04c70b.sock
# environment
VSCODE_CWD = /
# environment
PATH = /Users/mmoumni/goinfre/homebrew/bin:/usr/local/bin:/usr/bin:/bin:/usr/sbin:/sbin:/usr/local/munki
# environment
LaunchInstanceID = EF2D6615-746C-40EE-B84D-B88A54F31738
# environment
VSCODE_LOG_STACK = false
# environment
ELECTRON_RUN_AS_NODE = 1
# default
.FEATURES := target-specific order-only second-expansion else-if archives jobserver check-symlink
# makefile (from `Makefile', line 7)
CC_FLAGS = -Wall -Wextra -Werror -pthread
# environment
SSH_AUTH_SOCK = /private/tmp/com.apple.launchd.csF2AXRjfi/Listeners
# automatic
%F = $(notdir $%)
# environment
VSCODE_PIPE_LOGGING = true
# environment
PWD = /Users/mmoumni/Desktop/Dinning_Philosophers_Problem/philo_bonus
# environment
ORIGINAL_XDG_CURRENT_DESKTOP = undefined
# environment
VSCODE_AMD_ENTRYPOINT = vs/workbench/api/node/extensionHostProcess
# environment
HOME = /Users/mmoumni
# default
MAKEFILEPATH = $(shell /usr/bin/xcode-select -print-path 2>/dev/null || echo /Developer)/Makefiles
# environment
VSCODE_CODE_CACHE_PATH = /Users/mmoumni/Library/Application Support/Code/CachedData/57fd6d0195bb9b9d1b49f6da5db789060795de47
# environment
LOGNAME = mmoumni
# environment
APPLICATION_INSIGHTS_NO_DIAGNOSTIC_CHANNEL = 1
# environment
VSCODE_HANDLES_UNCAUGHT_ERRORS = true
# automatic
^D = $(patsubst %/,%,$(dir $^))
# environment
XPC_FLAGS = 0x0
# default
MAKE = $(MAKE_COMMAND)
# default
MAKECMDGOALS := all
# environment
SHLVL = 1
# makefile (from `Makefile', line 9)
CC = cc
# default
MAKE_VERSION := 3.81
# environment
USER = mmoumni
# makefile
.DEFAULT_GOAL := all
# makefile (from `Makefile', line 1)
NAME = philo_bonus
# automatic
%D = $(patsubst %/,%,$(dir $%))
# default
MAKE_COMMAND := /Library/Developer/CommandLineTools/usr/bin/make
# default
.VARIABLES := 
# environment
TMPDIR = /var/folders/zz/zyxvpxvq6csfxvn_n000cccw003337/T/
# automatic
*F = $(notdir $*)
# environment
VSCODE_IPC_HOOK = /Users/mmoumni/Library/Application Support/Code/1.67.0-main.sock
# makefile
MAKEFLAGS = Rrqp
# environment
MFLAGS = -Rrqp
# automatic
*D = $(patsubst %/,%,$(dir $*))
# environment
XPC_SERVICE_NAME = com.apple.xpc.launchd.oneshot.0x10000001.Electron
# automatic
+D = $(patsubst %/,%,$(dir $+))
# automatic
+F = $(notdir $+)
# environment
__CF_USER_TEXT_ENCODING = 0x18C67:0:0
# environment
COMMAND_MODE = unix2003
# default
MAKEFILES := 
# automatic
<F = $(notdir $<)
# environment
LC_ALL = C
# makefile (from `Makefile', line 11)
HEADER = philo_bonus.h
# environment
SECURITYSESSIONID = 186a8
# automatic
^F = $(notdir $^)
# default
SUFFIXES := 
# default
.INCLUDE_DIRS = /usr/local/include
# environment
MAKELEVEL := 0
# environment
LANG = C
# environment
VSCODE_PID = 2376
# variable set hash-table stats:
# Load=69/1024=7%, Rehash=0, Collisions=3/98=3%

# Pattern-specific Variable Values

# No pattern-specific variable values.

# Directories

# . (device 16777225, inode 8255): 18 files, no impossibilities.

# 18 files, no impossibilities in 1 directories.

# Implicit Rules

%.o: %.c philo_bonus.h
#  commands to execute (from `Makefile', line 19):
	$(CC) $(CC_FLAGS) -c $<
	

# 1 implicit rules, 0 (0.0%) terminal.

# Files

philos_utils2.o: philos_utils2.c philo_bonus.h
#  Implicit rule search has been done.
#  Implicit/static pattern stem: `philos_utils2'
#  Last modified 2022-06-26 14:14:43
#  File has been updated.
#  Successfully updated.
# variable set hash-table stats:
# Load=0/32=0%, Rehash=0, Collisions=0/0=0%
#  commands to execute (from `Makefile', line 19):
	$(CC) $(CC_FLAGS) -c $<
	

all: philo_bonus
#  Command-line target.
#  Implicit rule search has been done.
#  File does not exist.
#  File has been updated.
#  Successfully updated.
# variable set hash-table stats:
# Load=0/32=0%, Rehash=0, Collisions=0/0=0%

# Not a target:
main.c:
#  Implicit rule search has been done.
#  Last modified 2022-06-26 14:07:15
#  File has been updated.
#  Successfully updated.
# variable set hash-table stats:
# Load=0/32=0%, Rehash=0, Collisions=0/0=0%

# Not a target:
ft_atoi.c:
#  Implicit rule search has been done.
#  Last modified 2022-06-25 08:44:57
#  File has been updated.
#  Successfully updated.
# variable set hash-table stats:
# Load=0/32=0%, Rehash=0, Collisions=0/0=0%

# Not a target:
.SUFFIXES:
#  Implicit rule search has not been done.
#  Modification time never checked.
#  File has not been updated.

# Not a target:
Makefile:
#  Implicit rule search has been done.
#  Last modified 2022-06-25 09:38:24
#  File has been updated.
#  Successfully updated.
# variable set hash-table stats:
# Load=0/32=0%, Rehash=0, Collisions=0/0=0%

# Not a target:
philo_bonus.h:
#  Implicit rule search has been done.
#  Last modified 2022-06-26 14:06:54
#  File has been updated.
#  Successfully updated.
# variable set hash-table stats:
# Load=0/32=0%, Rehash=0, Collisions=0/0=0%

error.o: error.c philo_bonus.h
#  Implicit rule search has been done.
#  Implicit/static pattern stem: `error'
#  Last modified 2022-06-26 14:14:42
#  File has been updated.
#  Successfully updated.
# variable set hash-table stats:
# Load=0/32=0%, Rehash=0, Collisions=0/0=0%
#  commands to execute (from `Makefile', line 19):
	$(CC) $(CC_FLAGS) -c $<
	

# Not a target:
philos_utils2.c:
#  Implicit rule search has been done.
#  Last modified 2022-06-26 14:13:51
#  File has been updated.
#  Successfully updated.
# variable set hash-table stats:
# Load=0/32=0%, Rehash=0, Collisions=0/0=0%

fclean: clean
#  Implicit rule search has not been done.
#  Modification time never checked.
#  File has not been updated.
#  commands to execute (from `Makefile', line 25):
	rm -rf $(NAME)
	

# Not a target:
.DEFAULT:
#  Implicit rule search has not been done.
#  Modification time never checked.
#  File has not been updated.

philo_action.o: philo_action.c philo_bonus.h
#  Implicit rule search has been done.
#  Implicit/static pattern stem: `philo_action'
#  Last modified 2022-06-26 14:14:42
#  File has been updated.
#  Successfully updated.
# variable set hash-table stats:
# Load=0/32=0%, Rehash=0, Collisions=0/0=0%
#  commands to execute (from `Makefile', line 19):
	$(CC) $(CC_FLAGS) -c $<
	

philos_utils.o: philos_utils.c philo_bonus.h
#  Implicit rule search has been done.
#  Implicit/static pattern stem: `philos_utils'
#  Last modified 2022-06-26 14:14:42
#  File has been updated.
#  Successfully updated.
# variable set hash-table stats:
# Load=0/32=0%, Rehash=0, Collisions=0/0=0%
#  commands to execute (from `Makefile', line 19):
	$(CC) $(CC_FLAGS) -c $<
	

re: fclean all
#  Implicit rule search has not been done.
#  Modification time never checked.
#  File has not been updated.

clean:
#  Implicit rule search has not been done.
#  Modification time never checked.
#  File has not been updated.
#  commands to execute (from `Makefile', line 22):
	rm -rf $(OBJ)
	

# Not a target:
error.c:
#  Implicit rule search has been done.
#  Last modified 2022-06-25 08:44:57
#  File has been updated.
#  Successfully updated.
# variable set hash-table stats:
# Load=0/32=0%, Rehash=0, Collisions=0/0=0%

main.o: main.c philo_bonus.h
#  Implicit rule search has been done.
#  Implicit/static pattern stem: `main'
#  Last modified 2022-06-26 14:14:42
#  File has been updated.
 
#  Successfully updated.
# variable set hash-table stats:
# Load=0/32=0%, Rehash=0, Collisions=0/0=0%
#  commands to execute (from `Makefile', line 19):
	$(CC) $(CC_FLAGS) -c $<
	

philo_bonus: ft_atoi.o philo_action.o philos_utils.o error.o main.o philos_utils2.o
#  Implicit rule search has not been done.
#  Last modified 2022-06-26 14:14:43
#  File has been updated.
#  Successfully updated.
# variable set hash-table stats:
# Load=0/32=0%, Rehash=0, Collisions=0/0=0%
#  commands to execute (from `Makefile', line 16):
	$(CC) $(CC_FLAGS) $(OBJ) -o $(NAME)
	

ft_atoi.o: ft_atoi.c philo_bonus.h
#  Implicit rule search has been done.
#  Implicit/static pattern stem: `ft_atoi'
#  Last modified 2022-06-26 14:14:42
#  File has been updated.
#  Successfully updated.
# variable set hash-table stats:
# Load=0/32=0%, Rehash=0, Collisions=0/0=0%
#  commands to execute (from `Makefile', line 19):
	$(CC) $(CC_FLAGS) -c $<
	

# Not a target:
philo_action.c:
#  Implicit rule search has been done.
#  Last modified 2022-06-26 14:07:32
#  File has been updated.
#  Successfully updated.
# variable set hash-table stats:
# Load=0/32=0%, Rehash=0, Collisions=0/0=0%

# Not a target:
philos_utils.c:
#  Implicit rule search has been done.
#  Last modified 2022-06-26 14:01:59
#  File has been updated.
#  Successfully updated.
# variable set hash-table stats:
# Load=0/32=0%, Rehash=0, Collisions=0/0=0%

# files hash-table stats:
# Load=21/1024=2%, Rehash=0, Collisions=0/74=0%
# VPATH Search Paths

# No `vpath' search paths.

# No general (`VPATH' variable) search path.

# # of strings in strcache: 1
# # of strcache buffers: 1
# strcache size: total = 4096 / max = 4096 / min = 4096 / avg = 4096
# strcache free: total = 4087 / max = 4087 / min = 4087 / avg = 4087

# Finished Make data base on Sun Jun 26 15:31:02 2022

 
